<?xml version="1.0" encoding="UTF-8"?>
<!-- Generated by org.testng.reporters.JUnitReportReporter -->
<testsuite hostname="LAPTOP-F7KN2NF0" failures="0" tests="1" name="testNG.WindowHandles" time="67.101" errors="0" timestamp="2023-09-28T22:22:07 IST" skipped="0">
  <testcase classname="testNG.WindowHandles" name="windowH" time="67.101"/>
</testsuite> <!-- testNG.WindowHandles -->
