<?xml version="1.0" encoding="UTF-8"?>
<!-- Generated by org.testng.reporters.JUnitReportReporter -->
<testsuite hostname="LAPTOP-F7KN2NF0" failures="0" tests="1" name="testNG.A" time="0.007" errors="0" timestamp="2023-09-28T22:22:07 IST" skipped="0">
  <testcase classname="testNG.A" name="xyz" time="0.007"/>
</testsuite> <!-- testNG.A -->
