<?xml version="1.0" encoding="UTF-8"?>
<!-- Generated by org.testng.reporters.JUnitReportReporter -->
<testsuite hostname="LAPTOP-F7KN2NF0" failures="0" tests="1" name="testNG.ClickAcademyHW" time="0.317" errors="0" timestamp="2023-09-28T22:22:07 IST" skipped="0">
  <testcase classname="testNG.ClickAcademyHW" name="ac" time="0.317"/>
</testsuite> <!-- testNG.ClickAcademyHW -->
